# JRE version: OpenJDK Runtime Environment (11.0.12+7) (build 11.0.12+7-b1504.28-7817840)
# Java VM: OpenJDK 64-Bit Server VM (11.0.12+7-b1504.28-7817840, mixed mode, tiered, compressed oops, g1 gc, windows-amd64)
Heap:
 garbage-first heap   total 260096K, used 180296K [0x0000000080000000, 0x0000000100000000)
  region size 1024K, 67 young (68608K), 1 survivors (1024K)
 Metaspace       used 145740K, capacity 151302K, committed 152112K, reserved 1181696K
  class space    used 17984K, capacity 19968K, committed 20304K, reserved 1048576K
GC Heap History (20 events):
Event: 2049.067 GC heap before
{Heap before GC invocations=106 (full 0):
 garbage-first heap   total 260096K, used 134152K [0x0000000080000000, 0x0000000100000000)
  region size 1024K, 12 young (12288K), 8 survivors (8192K)
 Metaspace       used 145766K, capacity 151449K, committed 151600K, reserved 1181696K
  class space    used 18105K, capacity 20205K, committed 20304K, reserved 1048576K
}
Event: 2049.083 GC heap after
{Heap after GC invocations=107 (full 0):
 garbage-first heap   total 260096K, used 125613K [0x0000000080000000, 0x0000000100000000)
  region size 1024K, 2 young (2048K), 2 survivors (2048K)
 Metaspace       used 145766K, capacity 151449K, committed 151600K, reserved 1181696K
  class space    used 18105K, capacity 20205K, committed 20304K, reserved 1048576K
}
Event: 2049.272 GC heap before
{Heap before GC invocations=107 (full 0):
 garbage-first heap   total 260096K, used 138925K [0x0000000080000000, 0x0000000100000000)
  region size 1024K, 16 young (16384K), 2 survivors (2048K)
 Metaspace       used 145794K, capacity 151517K, committed 151856K, reserved 1181696K
  class space    used 18105K, capacity 20205K, committed 20304K, reserved 1048576K
}
Event: 2049.279 GC heap after
{Heap after GC invocations=108 (full 0):
 garbage-first heap   total 260096K, used 125348K [0x0000000080000000, 0x0000000100000000)
  region size 1024K, 1 young (1024K), 1 survivors (1024K)
 Metaspace       used 145794K, capacity 151517K, committed 151856K, reserved 1181696K
  class space    used 18105K, capacity 20205K, committed 20304K, reserved 1048576K
}
Event: 2153.901 GC heap before
{Heap before GC invocations=109 (full 0):
 garbage-first heap   total 260096K, used 216484K [0x0000000080000000, 0x0000000100000000)
  region size 1024K, 83 young (84992K), 1 survivors (1024K)
 Metaspace       used 145589K, capacity 151141K, committed 151856K, reserved 1181696K
  class space    used 18025K, capacity 20050K, committed 20304K, reserved 1048576K
}
Event: 2153.914 GC heap after
{Heap after GC invocations=110 (full 0):
 garbage-first heap   total 260096K, used 131759K [0x0000000080000000, 0x0000000100000000)
  region size 1024K, 9 young (9216K), 9 survivors (9216K)
 Metaspace       used 145589K, capacity 151141K, committed 151856K, reserved 1181696K
  class space    used 18025K, capacity 20050K, committed 20304K, reserved 1048576K
}
Event: 2153.926 GC heap before
{Heap before GC invocations=110 (full 0):
 garbage-first heap   total 260096K, used 134831K [0x0000000080000000, 0x0000000100000000)
  region size 1024K, 12 young (12288K), 9 survivors (9216K)
 Metaspace       used 145640K, capacity 151212K, committed 151856K, reserved 1181696K
  class space    used 18025K, capacity 20050K, committed 20304K, reserved 1048576K
}
Event: 2153.950 GC heap after
{Heap after GC invocations=111 (full 0):
 garbage-first heap   total 260096K, used 118954K [0x0000000080000000, 0x0000000100000000)
  region size 1024K, 2 young (2048K), 2 survivors (2048K)
 Metaspace       used 145640K, capacity 151212K, committed 151856K, reserved 1181696K
  class space    used 18025K, capacity 20050K, committed 20304K, reserved 1048576K
}
Event: 2154.114 GC heap before
{Heap before GC invocations=111 (full 0):
 garbage-first heap   total 260096K, used 131242K [0x0000000080000000, 0x0000000100000000)
  region size 1024K, 15 young (15360K), 2 survivors (2048K)
 Metaspace       used 145675K, capacity 151213K, committed 151856K, reserved 1181696K
  class space    used 18025K, capacity 20050K, committed 20304K, reserved 1048576K
}
Event: 2154.122 GC heap after
{Heap after GC invocations=112 (full 0):
 garbage-first heap   total 260096K, used 118487K [0x0000000080000000, 0x0000000100000000)
  region size 1024K, 1 young (1024K), 1 survivors (1024K)
 Metaspace       used 145675K, capacity 151213K, committed 151856K, reserved 1181696K
  class space    used 18025K, capacity 20050K, committed 20304K, reserved 1048576K
}
Event: 2240.701 GC heap before
{Heap before GC invocations=113 (full 0):
 garbage-first heap   total 260096K, used 216791K [0x0000000080000000, 0x0000000100000000)
  region size 1024K, 89 young (91136K), 1 survivors (1024K)
 Metaspace       used 145704K, capacity 151302K, committed 152112K, reserved 1181696K
  class space    used 18021K, capacity 20043K, committed 20304K, reserved 1048576K
}
Event: 2240.710 GC heap after
{Heap after GC invocations=114 (full 0):
 garbage-first heap   total 260096K, used 126194K [0x0000000080000000, 0x0000000100000000)
  region size 1024K, 9 young (9216K), 9 survivors (9216K)
 Metaspace       used 145704K, capacity 151302K, committed 152112K, reserved 1181696K
  class space    used 18021K, capacity 20043K, committed 20304K, reserved 1048576K
}
Event: 2240.752 GC heap before
{Heap before GC invocations=114 (full 0):
 garbage-first heap   total 260096K, used 128242K [0x0000000080000000, 0x0000000100000000)
  region size 1024K, 12 young (12288K), 9 survivors (9216K)
 Metaspace       used 145707K, capacity 151302K, committed 152112K, reserved 1181696K
  class space    used 18021K, capacity 20043K, committed 20304K, reserved 1048576K
}
Event: 2240.768 GC heap after
{Heap after GC invocations=115 (full 0):
 garbage-first heap   total 260096K, used 120565K [0x0000000080000000, 0x0000000100000000)
  region size 1024K, 2 young (2048K), 2 survivors (2048K)
 Metaspace       used 145707K, capacity 151302K, committed 152112K, reserved 1181696K
  class space    used 18021K, capacity 20043K, committed 20304K, reserved 1048576K
}
Event: 2240.890 GC heap before
{Heap before GC invocations=115 (full 0):
 garbage-first heap   total 260096K, used 128757K [0x0000000080000000, 0x0000000100000000)
  region size 1024K, 11 young (11264K), 2 survivors (2048K)
 Metaspace       used 145721K, capacity 151303K, committed 152112K, reserved 1181696K
  class space    used 18021K, capacity 20043K, committed 20304K, reserved 1048576K
}
Event: 2240.897 GC heap after
{Heap after GC invocations=116 (full 0):
 garbage-first heap   total 260096K, used 120044K [0x0000000080000000, 0x0000000100000000)
  region size 1024K, 1 young (1024K), 1 survivors (1024K)
 Metaspace       used 145721K, capacity 151303K, committed 152112K, reserved 1181696K
  class space    used 18021K, capacity 20043K, committed 20304K, reserved 1048576K
}
Event: 2392.040 GC heap before
{Heap before GC invocations=117 (full 0):
 garbage-first heap   total 260096K, used 221420K [0x0000000080000000, 0x0000000100000000)
  region size 1024K, 92 young (94208K), 1 survivors (1024K)
 Metaspace       used 145647K, capacity 151149K, committed 152112K, reserved 1181696K
  class space    used 17981K, capacity 19964K, committed 20304K, reserved 1048576K
}
Event: 2392.044 GC heap after
{Heap after GC invocations=118 (full 0):
 garbage-first heap   total 260096K, used 121361K [0x0000000080000000, 0x0000000100000000)
  region size 1024K, 2 young (2048K), 2 survivors (2048K)
 Metaspace       used 145647K, capacity 151149K, committed 152112K, reserved 1181696K
  class space    used 17981K, capacity 19964K, committed 20304K, reserved 1048576K
}
Event: 2392.089 GC heap before
{Heap before GC invocations=118 (full 0):
 garbage-first heap   total 260096K, used 131601K [0x0000000080000000, 0x0000000100000000)
  region size 1024K, 12 young (12288K), 2 survivors (2048K)
 Metaspace       used 145653K, capacity 151213K, committed 152112K, reserved 1181696K
  class space    used 17981K, capacity 19964K, committed 20304K, reserved 1048576K
}
Event: 2392.097 GC heap after
{Heap after GC invocations=119 (full 0):
 garbage-first heap   total 260096K, used 114760K [0x0000000080000000, 0x0000000100000000)
  region size 1024K, 1 young (1024K), 1 survivors (1024K)
 Metaspace       used 145653K, capacity 151213K, committed 152112K, reserved 1181696K
  class space    used 17981K, capacity 19964K, committed 20304K, reserved 1048576K
}

