# JRE version: OpenJDK Runtime Environment (11.0.12+7) (build 11.0.12+7-b1504.28-7817840)
# Java VM: OpenJDK 64-Bit Server VM (11.0.12+7-b1504.28-7817840, mixed mode, tiered, compressed oops, g1 gc, windows-amd64)
Heap:
 garbage-first heap   total 260096K, used 131793K [0x0000000080000000, 0x0000000100000000)
  region size 1024K, 10 young (10240K), 2 survivors (2048K)
 Metaspace       used 143061K, capacity 147482K, committed 149328K, reserved 1177600K
  class space    used 17727K, capacity 19391K, committed 20304K, reserved 1048576K
GC Heap History (20 events):
Event: 2755.021 GC heap before
{Heap before GC invocations=69 (full 0):
 garbage-first heap   total 260096K, used 136619K [0x0000000080000000, 0x0000000100000000)
  region size 1024K, 10 young (10240K), 2 survivors (2048K)
 Metaspace       used 135419K, capacity 139902K, committed 141776K, reserved 1171456K
  class space    used 16870K, capacity 18543K, committed 19408K, reserved 1048576K
}
Event: 2755.025 GC heap after
{Heap after GC invocations=70 (full 0):
 garbage-first heap   total 260096K, used 129425K [0x0000000080000000, 0x0000000100000000)
  region size 1024K, 2 young (2048K), 2 survivors (2048K)
 Metaspace       used 135419K, capacity 139902K, committed 141776K, reserved 1171456K
  class space    used 16870K, capacity 18543K, committed 19408K, reserved 1048576K
}
Event: 2757.133 GC heap before
{Heap before GC invocations=71 (full 0):
 garbage-first heap   total 260096K, used 226705K [0x0000000080000000, 0x0000000100000000)
  region size 1024K, 81 young (82944K), 2 survivors (2048K)
 Metaspace       used 135058K, capacity 139250K, committed 141776K, reserved 1171456K
  class space    used 16747K, capacity 18301K, committed 19408K, reserved 1048576K
}
Event: 2757.141 GC heap after
{Heap after GC invocations=72 (full 0):
 garbage-first heap   total 260096K, used 134903K [0x0000000080000000, 0x0000000100000000)
  region size 1024K, 7 young (7168K), 7 survivors (7168K)
 Metaspace       used 135058K, capacity 139250K, committed 141776K, reserved 1171456K
  class space    used 16747K, capacity 18301K, committed 19408K, reserved 1048576K
}
Event: 2757.147 GC heap before
{Heap before GC invocations=72 (full 0):
 garbage-first heap   total 260096K, used 140023K [0x0000000080000000, 0x0000000100000000)
  region size 1024K, 12 young (12288K), 7 survivors (7168K)
 Metaspace       used 135058K, capacity 139250K, committed 141776K, reserved 1171456K
  class space    used 16747K, capacity 18301K, committed 19408K, reserved 1048576K
}
Event: 2757.158 GC heap after
{Heap after GC invocations=73 (full 0):
 garbage-first heap   total 260096K, used 118736K [0x0000000080000000, 0x0000000100000000)
  region size 1024K, 1 young (1024K), 1 survivors (1024K)
 Metaspace       used 135058K, capacity 139250K, committed 141776K, reserved 1171456K
  class space    used 16747K, capacity 18301K, committed 19408K, reserved 1048576K
}
Event: 2757.286 GC heap before
{Heap before GC invocations=73 (full 0):
 garbage-first heap   total 260096K, used 128976K [0x0000000080000000, 0x0000000100000000)
  region size 1024K, 12 young (12288K), 1 survivors (1024K)
 Metaspace       used 135071K, capacity 139262K, committed 141776K, reserved 1171456K
  class space    used 16749K, capacity 18304K, committed 19408K, reserved 1048576K
}
Event: 2757.300 GC heap after
{Heap after GC invocations=74 (full 0):
 garbage-first heap   total 260096K, used 114230K [0x0000000080000000, 0x0000000100000000)
  region size 1024K, 1 young (1024K), 1 survivors (1024K)
 Metaspace       used 135071K, capacity 139262K, committed 141776K, reserved 1171456K
  class space    used 16749K, capacity 18304K, committed 19408K, reserved 1048576K
}
Event: 2759.851 GC heap before
{Heap before GC invocations=74 (full 0):
 garbage-first heap   total 260096K, used 162358K [0x0000000080000000, 0x0000000100000000)
  region size 1024K, 50 young (51200K), 1 survivors (1024K)
 Metaspace       used 140994K, capacity 145345K, committed 147664K, reserved 1177600K
  class space    used 17512K, capacity 19096K, committed 20176K, reserved 1048576K
}
Event: 2759.857 GC heap after
{Heap after GC invocations=75 (full 0):
 garbage-first heap   total 260096K, used 116470K [0x0000000080000000, 0x0000000100000000)
  region size 1024K, 3 young (3072K), 3 survivors (3072K)
 Metaspace       used 140994K, capacity 145345K, committed 147664K, reserved 1177600K
  class space    used 17512K, capacity 19096K, committed 20176K, reserved 1048576K
}
Event: 2760.753 GC heap before
{Heap before GC invocations=76 (full 0):
 garbage-first heap   total 260096K, used 204534K [0x0000000080000000, 0x0000000100000000)
  region size 1024K, 86 young (88064K), 3 survivors (3072K)
 Metaspace       used 142791K, capacity 147283K, committed 149072K, reserved 1177600K
  class space    used 17720K, capacity 19378K, committed 20304K, reserved 1048576K
}
Event: 2760.759 GC heap after
{Heap after GC invocations=77 (full 0):
 garbage-first heap   total 260096K, used 124708K [0x0000000080000000, 0x0000000100000000)
  region size 1024K, 9 young (9216K), 9 survivors (9216K)
 Metaspace       used 142791K, capacity 147283K, committed 149072K, reserved 1177600K
  class space    used 17720K, capacity 19378K, committed 20304K, reserved 1048576K
}
Event: 2760.778 GC heap before
{Heap before GC invocations=77 (full 0):
 garbage-first heap   total 260096K, used 127780K [0x0000000080000000, 0x0000000100000000)
  region size 1024K, 12 young (12288K), 9 survivors (9216K)
 Metaspace       used 142791K, capacity 147283K, committed 149072K, reserved 1177600K
  class space    used 17720K, capacity 19378K, committed 20304K, reserved 1048576K
}
Event: 2760.787 GC heap after
{Heap after GC invocations=78 (full 0):
 garbage-first heap   total 260096K, used 119516K [0x0000000080000000, 0x0000000100000000)
  region size 1024K, 2 young (2048K), 2 survivors (2048K)
 Metaspace       used 142791K, capacity 147283K, committed 149072K, reserved 1177600K
  class space    used 17720K, capacity 19378K, committed 20304K, reserved 1048576K
}
Event: 2760.858 GC heap before
{Heap before GC invocations=78 (full 0):
 garbage-first heap   total 260096K, used 127708K [0x0000000080000000, 0x0000000100000000)
  region size 1024K, 12 young (12288K), 2 survivors (2048K)
 Metaspace       used 142832K, capacity 147284K, committed 149072K, reserved 1177600K
  class space    used 17720K, capacity 19378K, committed 20304K, reserved 1048576K
}
Event: 2760.862 GC heap after
{Heap after GC invocations=79 (full 0):
 garbage-first heap   total 260096K, used 119972K [0x0000000080000000, 0x0000000100000000)
  region size 1024K, 2 young (2048K), 2 survivors (2048K)
 Metaspace       used 142832K, capacity 147284K, committed 149072K, reserved 1177600K
  class space    used 17720K, capacity 19378K, committed 20304K, reserved 1048576K
}
Event: 2923.530 GC heap before
{Heap before GC invocations=80 (full 0):
 garbage-first heap   total 260096K, used 235684K [0x0000000080000000, 0x0000000100000000)
  region size 1024K, 87 young (89088K), 2 survivors (2048K)
 Metaspace       used 143031K, capacity 147464K, committed 149328K, reserved 1177600K
  class space    used 17724K, capacity 19386K, committed 20304K, reserved 1048576K
}
Event: 2923.536 GC heap after
{Heap after GC invocations=81 (full 0):
 garbage-first heap   total 260096K, used 123851K [0x0000000080000000, 0x0000000100000000)
  region size 1024K, 6 young (6144K), 6 survivors (6144K)
 Metaspace       used 143031K, capacity 147464K, committed 149328K, reserved 1177600K
  class space    used 17724K, capacity 19386K, committed 20304K, reserved 1048576K
}
Event: 2923.610 GC heap before
{Heap before GC invocations=81 (full 0):
 garbage-first heap   total 260096K, used 129995K [0x0000000080000000, 0x0000000100000000)
  region size 1024K, 12 young (12288K), 6 survivors (6144K)
 Metaspace       used 143054K, capacity 147482K, committed 149328K, reserved 1177600K
  class space    used 17727K, capacity 19391K, committed 20304K, reserved 1048576K
}
Event: 2923.623 GC heap after
{Heap after GC invocations=82 (full 0):
 garbage-first heap   total 260096K, used 122851K [0x0000000080000000, 0x0000000100000000)
  region size 1024K, 2 young (2048K), 2 survivors (2048K)
 Metaspace       used 143054K, capacity 147482K, committed 149328K, reserved 1177600K
  class space    used 17727K, capacity 19391K, committed 20304K, reserved 1048576K
}

