# JRE version: OpenJDK Runtime Environment (11.0.12+7) (build 11.0.12+7-b1504.28-7817840)
# Java VM: OpenJDK 64-Bit Server VM (11.0.12+7-b1504.28-7817840, mixed mode, tiered, compressed oops, g1 gc, windows-amd64)
Heap:
 garbage-first heap   total 312320K, used 69632K [0x0000000702c00000, 0x0000000800000000)
  region size 1024K, 43 young (44032K), 15 survivors (15360K)
 Metaspace       used 56247K, capacity 56896K, committed 57040K, reserved 1099776K
  class space    used 6437K, capacity 6702K, committed 6784K, reserved 1048576K
GC Heap History (12 events):
Event: 0.372 GC heap before
{Heap before GC invocations=0 (full 0):
 garbage-first heap   total 260096K, used 27648K [0x0000000702c00000, 0x0000000800000000)
  region size 1024K, 24 young (24576K), 0 survivors (0K)
 Metaspace       used 12371K, capacity 12504K, committed 12800K, reserved 1060864K
  class space    used 1166K, capacity 1207K, committed 1280K, reserved 1048576K
}
Event: 0.373 GC heap after
{Heap after GC invocations=1 (full 0):
 garbage-first heap   total 260096K, used 5738K [0x0000000702c00000, 0x0000000800000000)
  region size 1024K, 3 young (3072K), 3 survivors (3072K)
 Metaspace       used 12371K, capacity 12504K, committed 12800K, reserved 1060864K
  class space    used 1166K, capacity 1207K, committed 1280K, reserved 1048576K
}
Event: 0.749 GC heap before
{Heap before GC invocations=1 (full 0):
 garbage-first heap   total 260096K, used 41578K [0x0000000702c00000, 0x0000000800000000)
  region size 1024K, 39 young (39936K), 3 survivors (3072K)
 Metaspace       used 20873K, capacity 21087K, committed 21296K, reserved 1069056K
  class space    used 2222K, capacity 2312K, committed 2432K, reserved 1048576K
}
Event: 0.757 GC heap after
{Heap after GC invocations=2 (full 0):
 garbage-first heap   total 260096K, used 9216K [0x0000000702c00000, 0x0000000800000000)
  region size 1024K, 6 young (6144K), 6 survivors (6144K)
 Metaspace       used 20873K, capacity 21087K, committed 21296K, reserved 1069056K
  class space    used 2222K, capacity 2312K, committed 2432K, reserved 1048576K
}
Event: 1.326 GC heap before
{Heap before GC invocations=3 (full 0):
 garbage-first heap   total 260096K, used 65536K [0x0000000702c00000, 0x0000000800000000)
  region size 1024K, 56 young (57344K), 6 survivors (6144K)
 Metaspace       used 33289K, capacity 33780K, committed 33968K, reserved 1079296K
  class space    used 4156K, capacity 4342K, committed 4352K, reserved 1048576K
}
Event: 1.332 GC heap after
{Heap after GC invocations=4 (full 0):
 garbage-first heap   total 260096K, used 20326K [0x0000000702c00000, 0x0000000800000000)
  region size 1024K, 7 young (7168K), 7 survivors (7168K)
 Metaspace       used 33289K, capacity 33780K, committed 33968K, reserved 1079296K
  class space    used 4156K, capacity 4342K, committed 4352K, reserved 1048576K
}
Event: 1.439 GC heap before
{Heap before GC invocations=4 (full 0):
 garbage-first heap   total 260096K, used 31590K [0x0000000702c00000, 0x0000000800000000)
  region size 1024K, 20 young (20480K), 7 survivors (7168K)
 Metaspace       used 35385K, capacity 35807K, committed 35920K, reserved 1081344K
  class space    used 4379K, capacity 4570K, committed 4608K, reserved 1048576K
}
Event: 1.446 GC heap after
{Heap after GC invocations=5 (full 0):
 garbage-first heap   total 260096K, used 20395K [0x0000000702c00000, 0x0000000800000000)
  region size 1024K, 7 young (7168K), 7 survivors (7168K)
 Metaspace       used 35385K, capacity 35807K, committed 35920K, reserved 1081344K
  class space    used 4379K, capacity 4570K, committed 4608K, reserved 1048576K
}
Event: 1.954 GC heap before
{Heap before GC invocations=6 (full 0):
 garbage-first heap   total 260096K, used 72619K [0x0000000702c00000, 0x0000000800000000)
  region size 1024K, 56 young (57344K), 7 survivors (7168K)
 Metaspace       used 45698K, capacity 46188K, committed 46544K, reserved 1089536K
  class space    used 5435K, capacity 5636K, committed 5760K, reserved 1048576K
}
Event: 1.960 GC heap after
{Heap after GC invocations=7 (full 0):
 garbage-first heap   total 260096K, used 26939K [0x0000000702c00000, 0x0000000800000000)
  region size 1024K, 7 young (7168K), 7 survivors (7168K)
 Metaspace       used 45698K, capacity 46188K, committed 46544K, reserved 1089536K
  class space    used 5435K, capacity 5636K, committed 5760K, reserved 1048576K
}
Event: 2.936 GC heap before
{Heap before GC invocations=7 (full 0):
 garbage-first heap   total 260096K, used 137531K [0x0000000702c00000, 0x0000000800000000)
  region size 1024K, 114 young (116736K), 7 survivors (7168K)
 Metaspace       used 52811K, capacity 53418K, committed 53584K, reserved 1097728K
  class space    used 6031K, capacity 6288K, committed 6400K, reserved 1048576K
}
Event: 2.950 GC heap after
{Heap after GC invocations=8 (full 0):
 garbage-first heap   total 312320K, used 41984K [0x0000000702c00000, 0x0000000800000000)
  region size 1024K, 15 young (15360K), 15 survivors (15360K)
 Metaspace       used 52811K, capacity 53418K, committed 53584K, reserved 1097728K
  class space    used 6031K, capacity 6288K, committed 6400K, reserved 1048576K
}

